<?xml version="1.0" encoding="UTF-8"?>
<testng-results ignored="0" total="2" passed="2" failed="0" skipped="0">
  <reporter-output>
  </reporter-output>
  <suite started-at="2023-02-08T14:34:41 IST" name="Suite" finished-at="2023-02-08T14:35:20 IST" duration-ms="38425">
    <groups>
      <group name="cucumber">
        <method signature="AbstractTestNGCucumberTests.runScenario(io.cucumber.testng.PickleWrapper,io.cucumber.testng.FeatureWrapper)[pri:0, instance:com.apidemo.runner.Run@4d02f94e]" name="runScenario" class="io.cucumber.testng.AbstractTestNGCucumberTests"/>
      </group> <!-- cucumber -->
    </groups>
    <test started-at="2023-02-08T14:34:41 IST" name="Test" finished-at="2023-02-08T14:35:20 IST" duration-ms="38425">
      <class name="com.apidemo.runner.Run">
        <test-method is-config="true" signature="setUpClass(org.testng.ITestContext)[pri:0, instance:com.apidemo.runner.Run@4d02f94e]" started-at="2023-02-08T14:34:41 IST" name="setUpClass" finished-at="2023-02-08T14:34:43 IST" duration-ms="1144" status="PASS">
          <params>
            <param index="0">
              <value>
                <![CDATA[org.testng.TestRunner@7e84a52b]]>
              </value>
            </param>
          </params>
          <reporter-output>
          </reporter-output>
        </test-method> <!-- setUpClass -->
        <test-method signature="runScenario(io.cucumber.testng.PickleWrapper,io.cucumber.testng.FeatureWrapper)[pri:0, instance:com.apidemo.runner.Run@4d02f94e]" started-at="2023-02-08T14:34:43 IST" name="runScenario" description="Runs Cucumber Scenarios" data-provider="scenarios" finished-at="2023-02-08T14:35:03 IST" duration-ms="20694" status="PASS">
          <params>
            <param index="0">
              <value>
                <![CDATA["Test the functionality of SMS Feature with Valid recipient"]]>
              </value>
            </param>
            <param index="1">
              <value>
                <![CDATA["Test the functionality of SMS feature"]]>
              </value>
            </param>
          </params>
          <reporter-output>
          </reporter-output>
        </test-method> <!-- runScenario -->
        <test-method signature="runScenario(io.cucumber.testng.PickleWrapper,io.cucumber.testng.FeatureWrapper)[pri:0, instance:com.apidemo.runner.Run@4d02f94e]" started-at="2023-02-08T14:35:03 IST" name="runScenario" description="Runs Cucumber Scenarios" data-provider="scenarios" finished-at="2023-02-08T14:35:19 IST" duration-ms="15329" status="PASS">
          <params>
            <param index="0">
              <value>
                <![CDATA["Test the functionality of SMS Feature with Invalid recipient"]]>
              </value>
            </param>
            <param index="1">
              <value>
                <![CDATA["Test the functionality of SMS feature"]]>
              </value>
            </param>
          </params>
          <reporter-output>
          </reporter-output>
        </test-method> <!-- runScenario -->
        <test-method is-config="true" signature="tearDownClass()[pri:0, instance:com.apidemo.runner.Run@4d02f94e]" started-at="2023-02-08T14:35:19 IST" name="tearDownClass" finished-at="2023-02-08T14:35:20 IST" duration-ms="1221" status="PASS">
          <reporter-output>
          </reporter-output>
        </test-method> <!-- tearDownClass -->
      </class> <!-- com.apidemo.runner.Run -->
    </test> <!-- Test -->
  </suite> <!-- Suite -->
</testng-results>
